<?xml version="1.0" encoding="UTF-8"?>
<!-- Generated by org.testng.reporters.JUnitXMLReporter -->
<testsuite ignored="14" hostname="DESKTOP-O83SFJ3" failures="1" tests="9" name="Test" time="279.146" errors="0" timestamp="2021-09-09T14:43:53 BDT">
  <testcase classname="testCasesMyStore.TC001_Login_BuyDress" name="login" time="82.798">
    <failure type="org.openqa.selenium.NoSuchElementException" message="no such element: Unable to locate element: {&amp;quot;method&amp;quot;:&amp;quot;xpath&amp;quot;,&amp;quot;selector&amp;quot;:&amp;quot;//li[@class=&amp;apos;ajax_block_product col-xs-12 col-sm-6 col-md-4 last-in-line first-item-of-tablet-line last-item-of-mobile-line&amp;apos;]//a[@title=&amp;apos;Printed Summer Dress&amp;apos;][normalize-space()=&amp;apos;Printed Summer Dress&amp;apos;]&amp;quot;}
  (Session info: chrome=93.0.4577.63)
For documentation on this error, please visit: http://seleniumhq.org/exceptions/no_such_element.html
Build info: version: &amp;apos;3.4.0&amp;apos;, revision: &amp;apos;unknown&amp;apos;, time: &amp;apos;unknown&amp;apos;
System info: host: &amp;apos;DESKTOP-O83SFJ3&amp;apos;, ip: &amp;apos;192.168.0.102&amp;apos;, os.name: &amp;apos;Windows 10&amp;apos;, os.arch: &amp;apos;amd64&amp;apos;, os.version: &amp;apos;10.0&amp;apos;, java.version: &amp;apos;15.0.1&amp;apos;
Driver info: org.openqa.selenium.chrome.ChromeDriver
Capabilities [{networkConnectionEnabled=false, chrome={chromedriverVersion=93.0.4577.15 (660fc11082ba57405eca2e8c49c3e1af756fbfae-refs/branch-heads/4577@{#203}), userDataDir=C:\Users\DCL\AppData\Local\Temp\scoped_dir6636_957092175}, timeouts={implicit=0.0, pageLoad=300000.0, script=30000.0}, pageLoadStrategy=normal, unhandledPromptBehavior=dismiss and notify, strictFileInteractability=false, platform=ANY, proxy=Proxy(), goog:chromeOptions={debuggerAddress=localhost:54330}, webauthn:extension:credBlob=true, acceptInsecureCerts=false, browserVersion=93.0.4577.63, browserName=chrome, javascriptEnabled=true, platformName=windows, setWindowRect=true, webauthn:extension:largeBlob=true, webauthn:virtualAuthenticators=true}]
Session ID: f74eb9a7c25b646889b3b198a022de31
*** Element info: {Using=xpath, value=//li[@class=&amp;apos;ajax_block_product col-xs-12 col-sm-6 col-md-4 last-in-line first-item-of-tablet-line last-item-of-mobile-line&amp;apos;]//a[@title=&amp;apos;Printed Summer Dress&amp;apos;][normalize-space()=&amp;apos;Printed Summer Dress&amp;apos;]}">
      <![CDATA[org.openqa.selenium.NoSuchElementException: no such element: Unable to locate element: {"method":"xpath","selector":"//li[@class='ajax_block_product col-xs-12 col-sm-6 col-md-4 last-in-line first-item-of-tablet-line last-item-of-mobile-line']//a[@title='Printed Summer Dress'][normalize-space()='Printed Summer Dress']"}
  (Session info: chrome=93.0.4577.63)
For documentation on this error, please visit: http://seleniumhq.org/exceptions/no_such_element.html
Build info: version: '3.4.0', revision: 'unknown', time: 'unknown'
System info: host: 'DESKTOP-O83SFJ3', ip: '192.168.0.102', os.name: 'Windows 10', os.arch: 'amd64', os.version: '10.0', java.version: '15.0.1'
Driver info: org.openqa.selenium.chrome.ChromeDriver
Capabilities [{networkConnectionEnabled=false, chrome={chromedriverVersion=93.0.4577.15 (660fc11082ba57405eca2e8c49c3e1af756fbfae-refs/branch-heads/4577@{#203}), userDataDir=C:\Users\DCL\AppData\Local\Temp\scoped_dir6636_957092175}, timeouts={implicit=0.0, pageLoad=300000.0, script=30000.0}, pageLoadStrategy=normal, unhandledPromptBehavior=dismiss and notify, strictFileInteractability=false, platform=ANY, proxy=Proxy(), goog:chromeOptions={debuggerAddress=localhost:54330}, webauthn:extension:credBlob=true, acceptInsecureCerts=false, browserVersion=93.0.4577.63, browserName=chrome, javascriptEnabled=true, platformName=windows, setWindowRect=true, webauthn:extension:largeBlob=true, webauthn:virtualAuthenticators=true}]
Session ID: f74eb9a7c25b646889b3b198a022de31
*** Element info: {Using=xpath, value=//li[@class='ajax_block_product col-xs-12 col-sm-6 col-md-4 last-in-line first-item-of-tablet-line last-item-of-mobile-line']//a[@title='Printed Summer Dress'][normalize-space()='Printed Summer Dress']}
at org.openqa.selenium.remote.http.W3CHttpResponseCodec.createException(W3CHttpResponseCodec.java:150)
at org.openqa.selenium.remote.http.W3CHttpResponseCodec.decode(W3CHttpResponseCodec.java:115)
at org.openqa.selenium.remote.http.W3CHttpResponseCodec.decode(W3CHttpResponseCodec.java:45)
at org.openqa.selenium.remote.HttpCommandExecutor.execute(HttpCommandExecutor.java:164)
at org.openqa.selenium.remote.service.DriverCommandExecutor.execute(DriverCommandExecutor.java:82)
at org.openqa.selenium.remote.RemoteWebDriver.execute(RemoteWebDriver.java:637)
at org.openqa.selenium.remote.RemoteWebDriver.findElement(RemoteWebDriver.java:410)
at org.openqa.selenium.remote.RemoteWebDriver.findElementByXPath(RemoteWebDriver.java:509)
at org.openqa.selenium.By$ByXPath.findElement(By.java:361)
at org.openqa.selenium.remote.RemoteWebDriver.findElement(RemoteWebDriver.java:402)
at testCasesMyStore.TC001_Login_BuyDress.login(TC001_Login_BuyDress.java:41)
at java.base/java.util.ArrayList.forEach(ArrayList.java:1511)
... Removed 32 stack frames]]>
    </failure>
  </testcase> <!-- login -->
  <testcase classname="testCasesMyStore.TC002_VerifyTitle" name="verifyTitle" time="11.079"/>
  <testcase classname="testCasesMyStore.TC002_VerifyTitle" name="websiteSecured" time="0.026"/>
  <testcase classname="testCasesMyStore.TC003_CheckBox" name="checkBox" time="30.201"/>
  <testcase classname="testCasesMyStore.TC004_Dropdown" name="dropdown" time="28.412"/>
  <testcase classname="testCasesMyStore.TC005_BackForwardRefresh" name="BackForwardRefresh" time="33.015"/>
  <testcase classname="testCasesMyStore.TC006_Scroll" name="scroll" time="29.587"/>
  <testcase classname="testCasesMyStore.TC007_Slider" name="scroll" time="30.698"/>
  <testcase classname="testCasesMyStore.TC008_KeyboardEvent" name="keyboardbutton" time="33.221"/>
  <testcase classname="basicPackage.DriverSetup" name="@BeforeSuite SetDriver" time="0.0">
    <ignored/>
  </testcase> <!-- @BeforeSuite SetDriver -->
  <testcase classname="basicPackage.DriverSetup" name="@BeforeSuite SetDriver" time="0.0">
    <ignored/>
  </testcase> <!-- @BeforeSuite SetDriver -->
  <testcase classname="basicPackage.DriverSetup" name="@BeforeSuite SetDriver" time="0.0">
    <ignored/>
  </testcase> <!-- @BeforeSuite SetDriver -->
  <testcase classname="basicPackage.DriverSetup" name="@BeforeSuite SetDriver" time="0.0">
    <ignored/>
  </testcase> <!-- @BeforeSuite SetDriver -->
  <testcase classname="basicPackage.DriverSetup" name="@BeforeSuite SetDriver" time="0.0">
    <ignored/>
  </testcase> <!-- @BeforeSuite SetDriver -->
  <testcase classname="basicPackage.DriverSetup" name="@BeforeSuite SetDriver" time="0.0">
    <ignored/>
  </testcase> <!-- @BeforeSuite SetDriver -->
  <testcase classname="basicPackage.DriverSetup" name="@BeforeSuite SetDriver" time="0.0">
    <ignored/>
  </testcase> <!-- @BeforeSuite SetDriver -->
  <testcase classname="basicPackage.DriverSetup" name="@AfterSuite close" time="0.0">
    <ignored/>
  </testcase> <!-- @AfterSuite close -->
  <testcase classname="basicPackage.DriverSetup" name="@AfterSuite close" time="0.0">
    <ignored/>
  </testcase> <!-- @AfterSuite close -->
  <testcase classname="basicPackage.DriverSetup" name="@AfterSuite close" time="0.0">
    <ignored/>
  </testcase> <!-- @AfterSuite close -->
  <testcase classname="basicPackage.DriverSetup" name="@AfterSuite close" time="0.0">
    <ignored/>
  </testcase> <!-- @AfterSuite close -->
  <testcase classname="basicPackage.DriverSetup" name="@AfterSuite close" time="0.0">
    <ignored/>
  </testcase> <!-- @AfterSuite close -->
  <testcase classname="basicPackage.DriverSetup" name="@AfterSuite close" time="0.0">
    <ignored/>
  </testcase> <!-- @AfterSuite close -->
  <testcase classname="basicPackage.DriverSetup" name="@AfterSuite close" time="0.0">
    <ignored/>
  </testcase> <!-- @AfterSuite close -->
</testsuite> <!-- Test -->
